<?xml version="1.0" encoding="UTF-8"?>
<testsuite name="bazinga.test.EventTest" tests="3" skipped="0" failures="0" errors="0" timestamp="2025-08-29T01:21:27" hostname="Chellappans-MacBook-Pro.local" time="0.016">
  <properties/>
  <testcase name="testToString_correctFormat()" classname="bazinga.test.EventTest" time="0.013"/>
  <testcase name="testToSaveFormat_done()" classname="bazinga.test.EventTest" time="0.002"/>
  <testcase name="testToSaveFormat_notDone()" classname="bazinga.test.EventTest" time="0.0"/>
  <system-out><![CDATA[]]></system-out>
  <system-err><![CDATA[]]></system-err>
</testsuite>
